<?xml version="1.0" encoding="UTF-8"?>
<testsuite xmlns:xsi="http://www.w3.org/2001/XMLSchema-instance" xsi:schemaLocation="https://maven.apache.org/surefire/maven-surefire-plugin/xsd/surefire-test-report.xsd" name="CinemaTest" time="0.186" tests="7" errors="0" skipped="0" failures="0">
  <properties>
[...]
</properties>
  <testcase name="shouldCreateCinemaHallWithCorrectName" classname="CinemaTest" time="0.021"/>
  <testcase name="shouldCreateCinemaHallwithEmptySeats" classname="CinemaTest" time="0"/>
  <testcase name="shouldCancelVipReservation" classname="CinemaTest" time="0.004"/>
  <testcase name="shouldCancelUsualReservation" classname="CinemaTest" time="0.002"/>
  <testcase name="shouldReeserveAvailableSeat" classname="CinemaTest" time="0"/>
  <testcase name="shoouldThrowExceptionWhenWrongSeatNumberProvided" classname="CinemaTest" time="0.003"/>
  <testcase name="shouldNotReserveAlreadeReservedSeat" classname="CinemaTest" time="0.001"/>
</testsuite>